--- LOG: start time: 2024-07-24 22:37:16 ---
--- LOG: weather station = USC00257715 ---
--- LOG:    number records ingested = 0 ---
--- LOG: weather station = USC00113879 ---
--- LOG:    number records ingested = 0 ---
--- LOG: weather station = USC00127935 ---
--- LOG:    number records ingested = 0 ---
--- LOG: weather station = USC00112193 ---
--- LOG:    number records ingested = 0 ---
--- LOG: weather station = USC00250640 ---
--- LOG:    number records ingested = 0 ---
--- LOG: weather station = USC00257070 ---
--- LOG:    number records ingested = 0 ---
--- LOG: weather station = USC00114442 ---
--- LOG:    number records ingested = 0 ---
--- LOG: weather station = USC00115833 ---
--- LOG:    number records ingested = 0 ---
--- LOG: weather station = USC00130133 ---
--- LOG:    number records ingested = 0 ---
--- LOG: weather station = USC00132724 ---
--- LOG:    number records ingested = 0 ---
--- LOG: weather station = USC00250130 ---
--- LOG:    number records ingested = 0 ---
--- LOG: weather station = USC00256970 ---
--- LOG:    number records ingested = 0 ---
--- LOG: weather station = USC00116446 ---
--- LOG:    number records ingested = 0 ---
--- LOG: weather station = USC00253175 ---
--- LOG:    number records ingested = 0 ---
--- LOG: weather station = USC00129113 ---
--- LOG:    number records ingested = 0 ---
--- LOG: weather station = USC00134142 ---
--- LOG:    number records ingested = 0 ---
--- LOG: weather station = USC00121229 ---
--- LOG:    number records ingested = 0 ---
--- LOG: weather station = USC00116526 ---
--- LOG:    number records ingested = 0 ---
--- LOG: weather station = USC00259510 ---
--- LOG:    number records ingested = 0 ---
--- LOG: weather station = USC00255470 ---
--- LOG:    number records ingested = 0 ---
--- LOG: weather station = USC00257515 ---
--- LOG:    number records ingested = 0 ---
--- LOG: weather station = USC00258395 ---
--- LOG:    number records ingested = 0 ---
--- LOG: weather station = USC00338313 ---
--- LOG:    number records ingested = 0 ---
--- LOG: weather station = USC00131402 ---
--- LOG:    number records ingested = 0 ---
--- LOG: weather station = USC00118916 ---
--- LOG:    number records ingested = 0 ---
--- LOG: weather station = USC00124181 ---
--- LOG:    number records ingested = 0 ---
--- LOG: weather station = USC00128036 ---
--- LOG:    number records ingested = 0 ---
--- LOG: weather station = USC00126580 ---
--- LOG:    number records ingested = 0 ---
--- LOG: weather station = USC00129670 ---
--- LOG:    number records ingested = 0 ---
--- LOG: weather station = USC00115943 ---
--- LOG:    number records ingested = 0 ---
--- LOG: weather station = USC00124008 ---
--- LOG:    number records ingested = 0 ---
--- LOG: weather station = USC00116910 ---
--- LOG:    number records ingested = 0 ---
--- LOG: weather station = USC00114108 ---
--- LOG:    number records ingested = 0 ---
--- LOG: weather station = USC00127298 ---
--- LOG:    number records ingested = 0 ---
--- LOG: weather station = USC00110187 ---
--- LOG:    number records ingested = 0 ---
--- LOG: weather station = USC00253365 ---
--- LOG:    number records ingested = 0 ---
--- LOG: weather station = USC00251200 ---
--- LOG:    number records ingested = 0 ---
--- LOG: weather station = USC00112140 ---
--- LOG:    number records ingested = 0 ---
--- LOG: weather station = USC00253615 ---
--- LOG:    number records ingested = 0 ---
--- LOG: weather station = USC00255310 ---
--- LOG:    number records ingested = 0 ---
--- LOG: weather station = USC00132864 ---
--- LOG:    number records ingested = 0 ---
--- LOG: weather station = USC00129511 ---
--- LOG:    number records ingested = 0 ---
--- LOG: weather station = USC00118740 ---
--- LOG:    number records ingested = 0 ---
--- LOG: weather station = USC00333780 ---
--- LOG:    number records ingested = 0 ---
--- LOG: weather station = USC00254900 ---
--- LOG:    number records ingested = 0 ---
--- LOG: weather station = USC00255565 ---
--- LOG:    number records ingested = 0 ---
--- LOG: weather station = USC00250435 ---
--- LOG:    number records ingested = 0 ---
--- LOG: weather station = USC00252020 ---
--- LOG:    number records ingested = 0 ---
--- LOG: weather station = USC00138296 ---
--- LOG:    number records ingested = 0 ---
--- LOG: weather station = USC00132977 ---
--- LOG:    number records ingested = 0 ---
--- LOG: weather station = USC00118147 ---
--- LOG:    number records ingested = 0 ---
--- LOG: weather station = USC00250622 ---
--- LOG:    number records ingested = 0 ---
--- LOG: weather station = USC00331592 ---
--- LOG:    number records ingested = 0 ---
--- LOG: weather station = USC00258915 ---
--- LOG:    number records ingested = 0 ---
--- LOG: weather station = USC00250420 ---
--- LOG:    number records ingested = 0 ---
--- LOG: weather station = USC00338830 ---
--- LOG:    number records ingested = 0 ---
--- LOG: weather station = USC00115515 ---
--- LOG:    number records ingested = 0 ---
--- LOG: weather station = USC00120784 ---
--- LOG:    number records ingested = 0 ---
--- LOG: weather station = USC00112483 ---
--- LOG:    number records ingested = 0 ---
--- LOG: weather station = USC00332098 ---
--- LOG:    number records ingested = 0 ---
--- LOG: weather station = USC00116579 ---
--- LOG:    number records ingested = 0 ---
--- LOG: weather station = USC00137979 ---
--- LOG:    number records ingested = 0 ---
--- LOG: weather station = USC00258480 ---
--- LOG:    number records ingested = 0 ---
--- LOG: weather station = USC00258133 ---
--- LOG:    number records ingested = 0 ---
--- LOG: weather station = USC00115712 ---
--- LOG:    number records ingested = 0 ---
--- LOG: weather station = USC00331152 ---
--- LOG:    number records ingested = 0 ---
--- LOG: weather station = USC00335297 ---
--- LOG:    number records ingested = 0 ---
--- LOG: weather station = USC00334189 ---
--- LOG:    number records ingested = 0 ---
--- LOG: weather station = USC00253660 ---
--- LOG:    number records ingested = 0 ---
--- LOG: weather station = USC00137161 ---
--- LOG:    number records ingested = 0 ---
--- LOG: weather station = USC00336600 ---
--- LOG:    number records ingested = 0 ---
--- LOG: weather station = USC00253715 ---
--- LOG:    number records ingested = 0 ---
--- LOG: weather station = USC00338822 ---
--- LOG:    number records ingested = 0 ---
--- LOG: weather station = USC00256135 ---
--- LOG:    number records ingested = 0 ---
--- LOG: weather station = USC00254440 ---
--- LOG:    number records ingested = 0 ---
--- LOG: weather station = USC00132999 ---
--- LOG:    number records ingested = 0 ---
--- LOG: weather station = USC00335041 ---
--- LOG:    number records ingested = 0 ---
--- LOG: weather station = USC00331541 ---
--- LOG:    number records ingested = 0 ---
--- LOG: weather station = USC00135952 ---
--- LOG:    number records ingested = 0 ---
--- LOG: weather station = USC00256040 ---
--- LOG:    number records ingested = 0 ---
--- LOG: weather station = USC00134735 ---
--- LOG:    number records ingested = 0 ---
--- LOG: weather station = USC00123513 ---
--- LOG:    number records ingested = 0 ---
--- LOG: weather station = USC00129557 ---
--- LOG:    number records ingested = 0 ---
--- LOG: weather station = USC00114198 ---
--- LOG:    number records ingested = 0 ---
--- LOG: weather station = USC00252820 ---
--- LOG:    number records ingested = 0 ---
--- LOG: weather station = USC00120177 ---
--- LOG:    number records ingested = 0 ---
--- LOG: weather station = USC00134894 ---
--- LOG:    number records ingested = 0 ---
--- LOG: weather station = USC00130600 ---
--- LOG:    number records ingested = 0 ---
--- LOG: weather station = USC00137147 ---
--- LOG:    number records ingested = 0 ---
--- LOG: weather station = USC00116610 ---
--- LOG:    number records ingested = 0 ---
--- LOG: weather station = USC00126705 ---
--- LOG:    number records ingested = 0 ---
--- LOG: weather station = USC00339312 ---
--- LOG:    number records ingested = 0 ---
--- LOG: weather station = USC00336196 ---
--- LOG:    number records ingested = 0 ---
--- LOG: weather station = USC00134063 ---
--- LOG:    number records ingested = 0 ---
--- LOG: weather station = USC00332119 ---
--- LOG:    number records ingested = 0 ---
--- LOG: weather station = USC00120200 ---
--- LOG:    number records ingested = 0 ---
--- LOG: weather station = USC00258465 ---
--- LOG:    number records ingested = 0 ---
--- LOG: weather station = USC00115326 ---
--- LOG:    number records ingested = 0 ---
--- LOG: weather station = USC00338769 ---
--- LOG:    number records ingested = 0 ---
--- LOG: weather station = USC00116558 ---
--- LOG:    number records ingested = 0 ---
--- LOG: weather station = USC00115079 ---
--- LOG:    number records ingested = 0 ---
--- LOG: weather station = USC00253735 ---
--- LOG:    number records ingested = 0 ---
--- LOG: weather station = USC00333758 ---
--- LOG:    number records ingested = 0 ---
--- LOG: weather station = USC00335315 ---
--- LOG:    number records ingested = 0 ---
--- LOG: weather station = USC00252205 ---
--- LOG:    number records ingested = 0 ---
--- LOG: weather station = USC00125237 ---
--- LOG:    number records ingested = 0 ---
--- LOG: weather station = USC00333375 ---
--- LOG:    number records ingested = 0 ---
--- LOG: weather station = USC00338552 ---
--- LOG:    number records ingested = 0 ---
--- LOG: weather station = USC00132789 ---
--- LOG:    number records ingested = 0 ---
--- LOG: weather station = USC00250375 ---
--- LOG:    number records ingested = 0 ---
--- LOG: weather station = USC00138688 ---
--- LOG:    number records ingested = 0 ---
--- LOG: weather station = USC00115901 ---
--- LOG:    number records ingested = 0 ---
--- LOG: weather station = USC00122149 ---
--- LOG:    number records ingested = 0 ---
--- LOG: weather station = USC00114823 ---
--- LOG:    number records ingested = 0 ---
--- LOG: weather station = USC00110338 ---
--- LOG:    number records ingested = 0 ---
--- LOG: weather station = USC00121873 ---
--- LOG:    number records ingested = 0 ---
--- LOG: weather station = USC00123527 ---
--- LOG:    number records ingested = 0 ---
--- LOG: weather station = USC00127755 ---
--- LOG:    number records ingested = 0 ---
--- LOG: weather station = USC00111436 ---
--- LOG:    number records ingested = 0 ---
--- LOG: weather station = USC00110072 ---
--- LOG:    number records ingested = 0 ---
--- LOG: weather station = USC00131533 ---
--- LOG:    number records ingested = 0 ---
--- LOG: weather station = USC00135769 ---
--- LOG:    number records ingested = 0 ---
--- LOG: weather station = USC00135796 ---
--- LOG:    number records ingested = 0 ---
--- LOG: weather station = USC00119241 ---
--- LOG:    number records ingested = 0 ---
--- LOG: weather station = USC00336781 ---
--- LOG:    number records ingested = 0 ---
--- LOG: weather station = USC00254110 ---
--- LOG:    number records ingested = 0 ---
--- LOG: weather station = USC00253910 ---
--- LOG:    number records ingested = 0 ---
--- LOG: weather station = USC00253630 ---
--- LOG:    number records ingested = 0 ---
--- LOG: weather station = USC00126001 ---
--- LOG:    number records ingested = 0 ---
--- LOG: weather station = USC00255080 ---
--- LOG:    number records ingested = 0 ---
--- LOG: weather station = USC00117551 ---
--- LOG:    number records ingested = 0 ---
--- LOG: weather station = USC00121747 ---
--- LOG:    number records ingested = 0 ---
--- LOG: weather station = USC00127875 ---
--- LOG:    number records ingested = 0 ---
--- LOG: weather station = USC00127646 ---
--- LOG:    number records ingested = 0 ---
--- LOG: weather station = USC00111280 ---
--- LOG:    number records ingested = 0 ---
--- LOG: weather station = USC00121425 ---
--- LOG:    number records ingested = 0 ---
--- LOG: weather station = USC00129253 ---
--- LOG:    number records ingested = 0 ---
--- LOG: weather station = USC00250070 ---
--- LOG:    number records ingested = 0 ---
--- LOG: weather station = USC00252840 ---
--- LOG:    number records ingested = 0 ---
--- LOG: weather station = USC00116738 ---
--- LOG:    number records ingested = 0 ---
--- LOG: weather station = USC00253035 ---
--- LOG:    number records ingested = 0 ---
--- LOG: weather station = USC00130112 ---
--- LOG:    number records ingested = 0 ---
--- LOG: weather station = USC00338534 ---
--- LOG:    number records ingested = 0 ---
--- LOG: weather station = USC00115768 ---
--- LOG:    number records ingested = 0 ---
--- LOG: weather station = USC00131635 ---
--- LOG:    number records ingested = 0 ---
--- LOG: weather station = USC00251145 ---
--- LOG:    number records ingested = 0 ---
--- LOG: weather station = USC00252100 ---
--- LOG:    number records ingested = 0 ---
--- LOG: weather station = USC00119354 ---
--- LOG:    number records ingested = 0 ---
--- LOG: weather station = USC00113335 ---
--- LOG:    number records ingested = 0 ---
--- LOG: weather station = USC00256570 ---
--- LOG:    number records ingested = 0 ---
--- LOG: weather station = USC00124837 ---
--- LOG:    number records ingested = 0 ---
--- LOG: weather station = USC00112348 ---
--- LOG:    number records ingested = 0 ---
--- LOG: weather station = USC00332791 ---
--- LOG:    number records ingested = 0 ---
--- LOG: weather station = USC00336118 ---
--- LOG:    number records ingested = 0 ---
--- LOG: weather station = USC00129080 ---
--- LOG:    number records ingested = 0 ---
--- LOG: weather station = USC00127522 ---
--- LOG:    number records ingested = 0 ---
--- LOG: weather station = USC00125337 ---
--- LOG:    number records ingested = 0 ---
--- LOG: weather station = USC00123418 ---
--- LOG:    number records ingested = 0 ---
--- LOG: weather station = USC00127482 ---
--- LOG:    number records ingested = 0 ---
--- LOG: weather station = USC00121030 ---
--- LOG:    number records ingested = 0 ---
--- LOG: weather station = USC00253185 ---
--- LOG:    number records ingested = 0 ---
--- LOG: weather station = USC00331072 ---
--- LOG:    number records ingested = 0 ---
--- LOG: weather station = USC00120676 ---
--- LOG:    number records ingested = 0 ---
--- LOG: weather station = USC00127125 ---
--- LOG:    number records ingested = 0 ---
--- LOG: weather station = USC00331890 ---
--- LOG:    number records ingested = 0 ---
--- LOG: weather station = USC00254985 ---
--- LOG:    number records ingested = 0 ---
--- LOG: weather station = USC00259090 ---
--- LOG:    number records ingested = 0 ---
--- LOG:   end time: 2024-07-24 22:37:28 ---
--- LOG: execution time: 12.41998815536499 seconds ---
--- LOG: number of rows inserted: 0 ---